<?xml version="1.0" encoding="UTF-8"?>
<!-- Generated by org.testng.reporters.JUnitXMLReporter -->
<testsuite ignored="0" hostname="Shivaji" failures="0" tests="1" name="Test1" time="9.715" errors="0" timestamp="2022-11-12T23:36:27 IST">
  <testcase classname="CrossBtest.CROSSBROWSERTEST1" name="@BeforeMethod login" time="2.051">
    <failure type="java.lang.NullPointerException" message="Cannot invoke &amp;quot;org.openqa.selenium.SearchContext.findElement(org.openqa.selenium.By)&amp;quot; because &amp;quot;this.searchContext&amp;quot; is null">
      <![CDATA[java.lang.NullPointerException: Cannot invoke "org.openqa.selenium.SearchContext.findElement(org.openqa.selenium.By)" because "this.searchContext" is null
at org.openqa.selenium.support.pagefactory.DefaultElementLocator.findElement(DefaultElementLocator.java:69)
at org.openqa.selenium.support.pagefactory.internal.LocatingElementHandler.invoke(LocatingElementHandler.java:38)
at jdk.proxy2/jdk.proxy2.$Proxy15.click(Unknown Source)
at amazon.AmazonloginPage.Clickonaccount(AmazonloginPage.java:31)
at CrossBtest.CROSSBROWSERTEST1.login(CROSSBROWSERTEST1.java:32)
at java.base/java.util.ArrayList.forEach(ArrayList.java:1511)
... Removed 29 stack frames]]>
    </failure>
  </testcase> <!-- @BeforeMethod login -->
  <testcase classname="CrossBtest.CROSSBROWSERTEST1" name="@AfterMethod Logout" time="-1.668276387893E9">
    <skipped/>
  </testcase> <!-- @AfterMethod Logout -->
  <testcase classname="CrossBtest.CROSSBROWSERTEST1" name="@AfterClass close" time="-1.668276387899E9">
    <skipped/>
  </testcase> <!-- @AfterClass close -->
  <testcase classname="CrossBtest.CROSSBROWSERTEST1" name="TCo1" time="0.0">
    <skipped/>
  </testcase> <!-- TCo1 -->
</testsuite> <!-- Test1 -->
